[I 2026-03-09 11:53:59,246] A new study created in memory with name: no-name-62b76b24-8ded-4253-85f5-fe21174fec1f
Starting Optuna hyperparameter optimization...
  0%|          | 0/10 [00:00<?, ?it/s]                                        0%|          | 0/10 [03:50<?, ?it/s]Best trial: 0. Best value: 0.0198436:   0%|          | 0/10 [03:50<?, ?it/s]Best trial: 0. Best value: 0.0198436:  10%|█         | 1/10 [03:50<34:30, 230.02s/it][I 2026-03-09 11:57:49,265] Trial 0 finished with value: 0.019843557019349527 and parameters: {'hidden1': 256, 'hidden2': 512, 'hidden3': 256, 'dropout1': 0.211329477137432, 'dropout2': 0.16939840320957728, 'dropout3': 0.18114100329257754, 'lr': 0.0006005816003464994, 'wd': 5.1941419507768614e-05}. Best is trial 0 with value: 0.019843557019349527.
                                                                                     Best trial: 0. Best value: 0.0198436:  10%|█         | 1/10 [07:20<34:30, 230.02s/it]Best trial: 1. Best value: 0.0193461:  10%|█         | 1/10 [07:20<34:30, 230.02s/it]Best trial: 1. Best value: 0.0193461:  20%|██        | 2/10 [07:20<29:06, 218.27s/it][I 2026-03-09 12:01:19,312] Trial 1 finished with value: 0.019346095787017976 and parameters: {'hidden1': 768, 'hidden2': 384, 'hidden3': 128, 'dropout1': 0.2907132309938443, 'dropout2': 0.26496555365888447, 'dropout3': 0.22451361597941222, 'lr': 0.00915616288258441, 'wd': 1.7346719173622005e-05}. Best is trial 1 with value: 0.019346095787017976.
                                                                                     Best trial: 1. Best value: 0.0193461:  20%|██        | 2/10 [10:19<29:06, 218.27s/it]Best trial: 1. Best value: 0.0193461:  20%|██        | 2/10 [10:19<29:06, 218.27s/it]Best trial: 1. Best value: 0.0193461:  30%|███       | 3/10 [10:19<23:24, 200.71s/it][I 2026-03-09 12:04:19,115] Trial 2 finished with value: 0.020042541512282148 and parameters: {'hidden1': 768, 'hidden2': 192, 'hidden3': 160, 'dropout1': 0.3933467024427121, 'dropout2': 0.40967160351334575, 'dropout3': 0.1567353328884014, 'lr': 0.0004043811379296833, 'wd': 0.00011905039750625664}. Best is trial 1 with value: 0.019346095787017976.
                                                                                     Best trial: 1. Best value: 0.0193461:  30%|███       | 3/10 [13:18<23:24, 200.71s/it]Best trial: 1. Best value: 0.0193461:  30%|███       | 3/10 [13:18<23:24, 200.71s/it]Best trial: 1. Best value: 0.0193461:  40%|████      | 4/10 [13:18<19:11, 191.93s/it][I 2026-03-09 12:07:17,602] Trial 3 finished with value: 0.019383834225332783 and parameters: {'hidden1': 1024, 'hidden2': 128, 'hidden3': 192, 'dropout1': 0.13061376875819075, 'dropout2': 0.350974564961939, 'dropout3': 0.09464096736473308, 'lr': 0.006778132908674615, 'wd': 4.207774897714327e-05}. Best is trial 1 with value: 0.019346095787017976.
                                                                                     Best trial: 1. Best value: 0.0193461:  40%|████      | 4/10 [16:10<19:11, 191.93s/it]Best trial: 1. Best value: 0.0193461:  40%|████      | 4/10 [16:10<19:11, 191.93s/it]Best trial: 1. Best value: 0.0193461:  50%|█████     | 5/10 [16:10<15:24, 184.95s/it][I 2026-03-09 12:10:10,174] Trial 4 finished with value: 0.01999108000548923 and parameters: {'hidden1': 768, 'hidden2': 192, 'hidden3': 224, 'dropout1': 0.350021182373225, 'dropout2': 0.44318231629036464, 'dropout3': 0.2194880049629267, 'lr': 0.0004913860769433367, 'wd': 3.6226717677943334e-05}. Best is trial 1 with value: 0.019346095787017976.
                                                                                     Best trial: 1. Best value: 0.0193461:  50%|█████     | 5/10 [17:49<15:24, 184.95s/it]Best trial: 1. Best value: 0.0193461:  50%|█████     | 5/10 [17:49<15:24, 184.95s/it]Best trial: 1. Best value: 0.0193461:  60%|██████    | 6/10 [17:49<10:21, 155.48s/it][I 2026-03-09 12:11:48,452] Trial 5 pruned. 
                                                                                     Best trial: 1. Best value: 0.0193461:  60%|██████    | 6/10 [18:18<10:21, 155.48s/it]Best trial: 1. Best value: 0.0193461:  60%|██████    | 6/10 [18:18<10:21, 155.48s/it]Best trial: 1. Best value: 0.0193461:  70%|███████   | 7/10 [18:18<05:42, 114.29s/it][I 2026-03-09 12:12:17,926] Trial 6 pruned. 
                                                                                     Best trial: 1. Best value: 0.0193461:  70%|███████   | 7/10 [18:36<05:42, 114.29s/it]Best trial: 1. Best value: 0.0193461:  70%|███████   | 7/10 [18:36<05:42, 114.29s/it]Best trial: 1. Best value: 0.0193461:  80%|████████  | 8/10 [18:36<02:47, 83.56s/it] [I 2026-03-09 12:12:35,684] Trial 7 pruned. 
                                                                                    Best trial: 1. Best value: 0.0193461:  80%|████████  | 8/10 [18:42<02:47, 83.56s/it]Best trial: 1. Best value: 0.0193461:  80%|████████  | 8/10 [18:42<02:47, 83.56s/it]Best trial: 1. Best value: 0.0193461:  90%|█████████ | 9/10 [18:42<00:59, 59.43s/it][I 2026-03-09 12:12:42,051] Trial 8 pruned. 
                                                                                    Best trial: 1. Best value: 0.0193461:  90%|█████████ | 9/10 [18:49<00:59, 59.43s/it]Best trial: 1. Best value: 0.0193461:  90%|█████████ | 9/10 [18:49<00:59, 59.43s/it]Best trial: 1. Best value: 0.0193461: 100%|██████████| 10/10 [18:49<00:00, 43.03s/it]Best trial: 1. Best value: 0.0193461: 100%|██████████| 10/10 [18:49<00:00, 112.91s/it]
[I 2026-03-09 12:12:48,372] Trial 9 pruned. 

Best trial: 1
Best val survival: 1.9346e-02
Best params: {'hidden1': 768, 'hidden2': 384, 'hidden3': 128, 'dropout1': 0.2907132309938443, 'dropout2': 0.26496555365888447, 'dropout3': 0.22451361597941222, 'lr': 0.00915616288258441, 'wd': 1.7346719173622005e-05}

Testing final model...
Test survival @ 75% gamma eff: 9.9308e-04

---
metric: 9.9308e-04
description: Optuna-tuned regression DNN (best of 10 trials)
